<?xml version="1.0" encoding="UTF-8"?>
<!-- Generated by org.testng.reporters.JUnitXMLReporter -->
<testsuite hostname="sirishas-Air.hitronhub.home" ignored="1" name="ParallelTestCases" tests="3" failures="0" timestamp="2021-07-26T16:51:51 CDT" time="0.06" errors="0">
  <testcase name="login" time="0.009" classname="com.test.TestNGFeatures"/>
  <testcase name="homePage" time="0.001" classname="com.test.TestNGFeatures"/>
  <testcase name="regage" time="0.002" classname="com.test.TestNGFeatures"/>
  <testcase name="searchPage" time="0.0" classname="com.test.TestNGFeatures">
    <ignored/>
  </testcase> <!-- searchPage -->
</testsuite> <!-- ParallelTestCases -->
