<?xml version="1.0" encoding="UTF-8"?>
<!-- Generated by org.testng.reporters.JUnitXMLReporter -->
<testsuite hostname="sirishas-Air.hitronhub.home" ignored="0" name="RetryFailedTestCases" tests="5" failures="2" timestamp="2021-07-24T17:49:00 CDT" time="21.231" errors="0">
  <testcase name="getTitle" time="0.036" classname="com.test.GoogleRetryTest">
    <skipped/>
  </testcase> <!-- getTitle -->
  <testcase name="getTitle" time="0.035" classname="com.test.GoogleRetryTest">
    <skipped/>
  </testcase> <!-- getTitle -->
  <testcase name="getTitle" time="0.034" classname="com.test.GoogleRetryTest">
    <skipped/>
  </testcase> <!-- getTitle -->
  <testcase name="getTitle" time="0.031" classname="com.test.GoogleRetryTest">
    <failure type="java.lang.AssertionError" message="expected [Google] but found [Google1]">
      <![CDATA[java.lang.AssertionError: expected [Google] but found [Google1]
at com.test.GoogleRetryTest.getTitle(GoogleRetryTest.java:38)
at java.util.ArrayList.forEach(ArrayList.java:1259)
... Removed 33 stack frames]]>
    </failure>
  </testcase> <!-- getTitle -->
  <testcase name="getTitle" time="21.204" classname="com.test.GoogleRetryTest">
    <failure type="java.lang.NullPointerException">
      <![CDATA[java.lang.NullPointerException
at com.TestNGListener.Base.failed(Base.java:29)
at com.TestNGListener.CustomListener.onTestFailure(CustomListener.java:23)
at java.util.ArrayList.forEach(ArrayList.java:1259)
... Removed 24 stack frames]]>
    </failure>
  </testcase> <!-- getTitle -->
</testsuite> <!-- RetryFailedTestCases -->
