<?xml version="1.0" encoding="UTF-8"?>
<!-- Generated by org.testng.reporters.JUnitXMLReporter -->
<testsuite hostname="sirishas-Air.hitronhub.home" ignored="1" name="TestNG Feature Test" tests="3" failures="0" timestamp="2021-07-23T08:14:27 CDT" time="0.065" errors="0">
  <testcase name="login" time="0.009" classname="com.test.TestNGFeatures"/>
  <testcase name="homePage" time="0.003" classname="com.test.TestNGFeatures"/>
  <testcase name="regage" time="0.004" classname="com.test.TestNGFeatures"/>
  <testcase name="searchPage" time="0.0" classname="com.test.TestNGFeatures">
    <ignored/>
  </testcase> <!-- searchPage -->
</testsuite> <!-- TestNG Feature Test -->
