<?xml version="1.0" encoding="UTF-8"?>
<testng-results skipped="0" failed="0" ignored="0" total="1" passed="1">
  <reporter-output>
  </reporter-output>
  <suite name="Default suite" duration-ms="9969" started-at="2021-08-05T15:19:43 CDT" finished-at="2021-08-05T15:19:53 CDT">
    <groups>
    </groups>
    <test name="Default test" duration-ms="9969" started-at="2021-08-05T15:19:43 CDT" finished-at="2021-08-05T15:19:53 CDT">
      <class name="Praticse.demo">
        <test-method status="PASS" signature="alertsTest()[pri:0, instance:Praticse.demo@44a664f2]" name="alertsTest" duration-ms="9918" started-at="2021-08-05T15:19:43 CDT" finished-at="2021-08-05T15:19:53 CDT">
          <reporter-output>
          </reporter-output>
        </test-method> <!-- alertsTest -->
      </class> <!-- Praticse.demo -->
    </test> <!-- Default test -->
  </suite> <!-- Default suite -->
</testng-results>
